Diagnose log at 2024-05-24T12:18:40Z

AppPath: C:\Program Files\Git\mingw64\bin\git-credential-manager.exe
InstallDir: C:\Program Files\Git\mingw64\bin\
Version: 2.0.886+ea93cb5158

------------
Diagnostic: Environment
Skipped: False
Success: True
Exception: None
Log:
OSType: Windows
OSVersion: 10.0 (build 22631)
Reading environment variables... OK
 Variables:
ANDROID_SDK_ROOT=C:\Users\romai\AppData\Local\Android\sdk
EFC_31128=1
COMPUTERNAME=HORNETTRAP
DriverData=C:\Windows\System32\Drivers\DriverData
MSYSTEM=MINGW64
CommonProgramFiles(x86)=C:\Program Files (x86)\Common Files
OneDrive=C:\Users\romai\OneDrive - Association Cesi Viacesi mail
ChocolateyLastPathUpdate=133300883713970898
HOMEPATH=\Users\romai
SESSIONNAME=Console
CONFIG_SITE=C:/Program Files/Git/etc/config.site
LC_CTYPE=fr_FR.UTF-8
USERDOMAIN=HORNETTRAP
PATHEXT=.COM;.EXE;.BAT;.CMD;.VBS;.VBE;.JS;.JSE;.WSF;.WSH;.MSC;.PY;.PYW
ORIGINAL_TEMP=C:/Users/romai/AppData/Local/Temp
USERNAME=romai
MINGW_PREFIX=C:/Program Files/Git/mingw64
ProgramFiles(x86)=C:\Program Files (x86)
ACLOCAL_PATH=C:\Program Files\Git\mingw64\share\aclocal;C:\Program Files\Git\usr\share\aclocal
TEMP=C:\Users\romai\AppData\Local\Temp
LOCALAPPDATA=C:\Users\romai\AppData\Local
MANPATH=C:\Program Files\Git\mingw64\local\man;C:\Program Files\Git\mingw64\share\man;C:\Program Files\Git\usr\local\man;C:\Program Files\Git\usr\share\man;C:\Program Files\Git\usr\man;C:\Program Files\Git\share\man
TERM=xterm
PROCESSOR_IDENTIFIER=Intel64 Family 6 Model 141 Stepping 1, GenuineIntel
MSYSTEM_CARCH=x86_64
IntelliJ IDEA=C:\Program Files\JetBrains\IntelliJ IDEA 2022.3.3\bin;
ProgramData=C:\ProgramData
USERPROFILE=C:\Users\romai
OculusBase=C:\Program Files\Oculus\
ORIGINAL_TMP=C:/Users/romai/AppData/Local/Temp
PROCESSOR_REVISION=8d01
SYSTEMROOT=C:\WINDOWS
TERM_PROGRAM=mintty
PROCESSOR_LEVEL=6
NUMBER_OF_PROCESSORS=12
SSH_ASKPASS=C:/Program Files/Git/mingw64/bin/git-askpass.exe
SHLVL=1
APPDATA=C:\Users\romai\AppData\Roaming
SYSTEMDRIVE=C:
TERM_PROGRAM_VERSION=3.6.3
PSModulePath=C:\Program Files\WindowsPowerShell\Modules;C:\WINDOWS\system32\WindowsPowerShell\v1.0\Modules;C:\Program Files (x86)\Microsoft SQL Server\160\Tools\PowerShell\Modules\
PUBLIC=C:\Users\Public
FPS_BROWSER_USER_PROFILE_STRING=Default
PKG_CONFIG_PATH=C:\Program Files\Git\mingw64\lib\pkgconfig;C:\Program Files\Git\mingw64\share\pkgconfig
MSYSTEM_CHOST=x86_64-w64-mingw32
IGCCSVC_DB=AQAAANCMnd8BFdERjHoAwE/Cl+sBAAAAS7nGnRNeMkKp2cC3X/W6wAQAAAACAAAAAAAQZgAAAAEAACAAAABYWZrJFIN9UD/3nm+Owowj52EMDOwUWy/qZqI2fYhWZgAAAAAOgAAAAAIAACAAAABg2X1Q2SkCpYWIT6LcLPxLKHZa8ykSEsQsxsDa4Bc9XmAAAACCkPwZI83KBM1ldpwzIolitXe50UvqiLIiJ71jNTu5lzW5Ux0Ht6ztf5pEhiF7egSSjhoSXdz3KxTl4EfhGYUEGexDjJ0Ij00oUMcU+HWfEe1itoEa+KM8E+38tilTQdJAAAAAVF0OzX6qWDZYiZ49DegXCj4laeLPaV1CMgvCwq66zMWbjfd8vh9tByDYGLHMvNm3Ac98IYdqR0yosKDWX2+TwA==
PLINK_PROTOCOL=ssh
INFOPATH=C:\Program Files\Git\mingw64\local\info;C:\Program Files\Git\mingw64\share\info;C:\Program Files\Git\usr\local\info;C:\Program Files\Git\usr\share\info;C:\Program Files\Git\usr\info;C:\Program Files\Git\share\info
ProgramW6432=C:\Program Files
PATH=C:\Users\romai\bin;C:\Program Files\Git\mingw64\bin;C:\Program Files\Git\usr\local\bin;C:\Program Files\Git\usr\bin;C:\Program Files\Git\usr\bin;C:\Program Files\Git\mingw64\bin;C:\Program Files\Git\usr\bin;C:\Users\romai\bin;C:\Python312\Scripts;C:\Python312;C:\Program Files\Common Files\Oracle\Java\javapath;C:\Program Files\Microsoft\jdk-11.0.16.101-hotspot\bin;C:\Program Files\Oculus\Support\oculus-runtime;C:\Program Files (x86)\VMware\VMware Player\bin;C:\Windows\system32;C:\Windows;C:\Windows\System32\Wbem;C:\Windows\System32\WindowsPowerShell\v1.0;C:\Windows\System32\OpenSSH;C:\Program Files (x86)\NVIDIA Corporation\PhysX\Common;C:\Program Files\dotnet;C:\WINDOWS\system32;C:\WINDOWS;C:\WINDOWS\System32\Wbem;C:\WINDOWS\System32\WindowsPowerShell\v1.0;C:\WINDOWS\System32\OpenSSH;C:\Program Files\Docker\Docker\resources\bin;C:\Users\romai\AppData\Local\Programs\Python\Python311;C:\Program Files\Git\cmd;C:\sqlite;C:\Program Files\Microsoft SQL Server\150\Tools\Binn;C:\Program Files\Microsoft SQL Server\Client SDK\ODBC\170\Tools\Binn;C:\Program Files (x86)\Microsoft SQL Server\160\DTS\Binn;C:\Program Files\Azure Data Studio\bin;C:\Program Files (x86)\Microsoft SQL Server\160\Tools\Binn;C:\Program Files\Microsoft SQL Server\160\Tools\Binn;C:\Program Files\Microsoft SQL Server\160\DTS\Binn;C:\ProgramData\chocolatey\bin;C:\Users\romai\AppData\Local\Android\sdk\platform-tools;C:\sources\flutter\bin;C:\wamp64\bin\php\php8.2.13;C:\composer;C:\Program Files\nodejs;C:\Program Files\MySQL\MySQL Shell 8.0\bin;C:\Users\romai\AppData\Local\Microsoft\WindowsApps;C:\Users\romai\.dotnet\tools;C:\Users\romai\AppData\Local\Programs\Microsoft VS Code\bin;C:\Users\romai\AppData\Local\Programs\Python\Python311;C:\sqlite;C:\Program Files\Azure Data Studio\bin;C:\Program Files\JetBrains\IntelliJ IDEA 2022.3.3\bin;C:\Users\romai\AppData\Local\Android\sdk\platform-tools;C:\Users\romai\AppData\Roaming\Composer\vendor\bin;C:\Users\romai\AppData\Roaming\npm;C:\Program Files\Git\usr\bin\vendor_perl;C:\Program Files\Git\usr\bin\core_perl
ChocolateyInstall=C:\ProgramData\chocolatey
FPS_BROWSER_APP_PROFILE_STRING=Internet Explorer
TACVIEW_DCS2ACMI_PATH=C:\PROGRA~2\Tacview\DCS\
PKG_CONFIG_SYSTEM_LIBRARY_PATH=C:/Program Files/Git/mingw64/lib
TMPDIR=C:\Users\romai\AppData\Local\Temp
TMP=C:\Users\romai\AppData\Local\Temp
SHELL=C:\Program Files\Git\usr\bin\bash.exe
HOME=C:\Users\romai
COMSPEC=C:\WINDOWS\system32\cmd.exe
ZES_ENABLE_SYSMAN=1
LOGONSERVER=\\HORNETTRAP
PROGRAMFILES=C:\Program Files (x86)
DISPLAY=needs-to-be-defined
COMMONPROGRAMFILES=C:\Program Files (x86)\Common Files
WINDIR=C:\WINDOWS
_=C:/Program Files/Git/mingw64/bin/git-credential-manager
USERDOMAIN_ROAMINGPROFILE=HORNETTRAP
CommonProgramW6432=C:\Program Files\Common Files
HOMEDRIVE=C:
MSYSTEM_PREFIX=C:/Program Files/Git/mingw64
OLDPWD=C:/Users/romai/Documents/Cours/cesi/Docker/vide-grenier-en-ligne-master/proj
OneDriveCommercial=C:\Users\romai\OneDrive - Association Cesi Viacesi mail
MINGW_PACKAGE_PREFIX=mingw-w64-x86_64
OS=Windows_NT
PWD=C:/Users/romai/Documents/Cours/cesi/Docker/vide-grenier-en-ligne-master/proj/app-vide-grenier
EXEPATH=C:\Program Files\Git
HOSTNAME=HornetTrap
PROCESSOR_ARCHITEW6432=AMD64
ORIGINAL_PATH=C:\Program Files\Git\mingw64\bin;C:\Program Files\Git\usr\bin;C:\Users\romai\bin;C:\Python312\Scripts;C:\Python312;C:\Program Files\Common Files\Oracle\Java\javapath;C:\Program Files\Microsoft\jdk-11.0.16.101-hotspot\bin;C:\Program Files\Oculus\Support\oculus-runtime;C:\Program Files (x86)\VMware\VMware Player\bin;C:\Windows\system32;C:\Windows;C:\Windows\System32\Wbem;C:\Windows\System32\WindowsPowerShell\v1.0;C:\Windows\System32\OpenSSH;C:\Program Files (x86)\NVIDIA Corporation\PhysX\Common;C:\Program Files\dotnet;C:\WINDOWS\system32;C:\WINDOWS;C:\WINDOWS\System32\Wbem;C:\WINDOWS\System32\WindowsPowerShell\v1.0;C:\WINDOWS\System32\OpenSSH;C:\Program Files\Docker\Docker\resources\bin;C:\Users\romai\AppData\Local\Programs\Python\Python311;C:\Program Files\Git\cmd;C:\sqlite;C:\Program Files\Microsoft SQL Server\150\Tools\Binn;C:\Program Files\Microsoft SQL Server\Client SDK\ODBC\170\Tools\Binn;C:\Program Files (x86)\Microsoft SQL Server\160\DTS\Binn;C:\Program Files\Azure Data Studio\bin;C:\Program Files (x86)\Microsoft SQL Server\160\Tools\Binn;C:\Program Files\Microsoft SQL Server\160\Tools\Binn;C:\Program Files\Microsoft SQL Server\160\DTS\Binn;C:\ProgramData\chocolatey\bin;C:\Users\romai\AppData\Local\Android\sdk\platform-tools;C:\sources\flutter\bin;C:\wamp64\bin\php\php8.2.13;C:\composer;C:\Program Files\nodejs;C:\Program Files\MySQL\MySQL Shell 8.0\bin;C:\Users\romai\AppData\Local\Microsoft\WindowsApps;C:\Users\romai\.dotnet\tools;C:\Users\romai\AppData\Local\Programs\Microsoft VS Code\bin;C:\Users\romai\AppData\Local\Programs\Python\Python311;C:\sqlite;C:\Program Files\Azure Data Studio\bin;C:\Program Files\JetBrains\IntelliJ IDEA 2022.3.3\bin;C:\Users\romai\AppData\Local\Android\sdk\platform-tools;C:\Users\romai\AppData\Roaming\Composer\vendor\bin;C:\Users\romai\AppData\Roaming\npm
PROCESSOR_ARCHITECTURE=x86
PS1=\[\033]0;$TITLEPREFIX:$PWD\007\]\n\[\033[32m\]\u@\h \[\033[35m\]$MSYSTEM \[\033[33m\]\w\[\033[36m\]`__git_ps1`\[\033[0m\]\n$ 
OPENSSL_ia32cap=~0x200000200000000
VBOX_MSI_INSTALL_PATH=C:\Program Files\Oracle\VirtualBox\
MINGW_CHOST=x86_64-w64-mingw32
PKG_CONFIG_SYSTEM_INCLUDE_PATH=C:/Program Files/Git/mingw64/include
OneDriveConsumer=C:\Users\romai\OneDrive
ALLUSERSPROFILE=C:\ProgramData


------------
Diagnostic: File system
Skipped: False
Success: True
Exception: None
Log:
Temporary directory is 'C:\Users\romai\AppData\Local\Temp\'...
Checking basic file I/O...
Writing to temporary file 'C:\Users\romai\AppData\Local\Temp\0479423293633b49c8ffefd9'... OK
Reading from temporary file 'C:\Users\romai\AppData\Local\Temp\0479423293633b49c8ffefd9'... OK
Deleting temporary file 'C:\Users\romai\AppData\Local\Temp\0479423293633b49c8ffefd9'... OK
Testing IFileSystem instance...
UserHomePath: C:\Users\romai
UserDataDirectoryPath: C:\Users\romai\.gcm
GetCurrentDirectory(): C:\Users\romai\Documents\Cours\cesi\Docker\vide-grenier-en-ligne-master\proj\app-vide-grenier

------------
Diagnostic: Networking
Skipped: False
Success: True
Exception: None
Log:
Checking networking and HTTP stack...
Creating HTTP client... OK
IsNetworkAvailable: True
Sending HEAD request to http://example.com... OK
Sending HEAD request to https://example.com... OK
Acquiring free TCP port... OK
Testing local HTTP loopback connections...
Creating new HTTP listener for http://localhost:52472/... OK
Waiting for loopback connection... OK
Writing response... OK
Waiting for response data... OK
Loopback connection data OK

------------
Diagnostic: Git
Skipped: False
Success: True
Exception: None
Log:
Getting Git version... OK
Git version is '2.39.1.windows.1'
Locating current repository... OK
Git repository at 'C:/Users/romai/Documents/Cours/cesi/Docker/vide-grenier-en-ligne-master/proj/app-vide-grenier/.git'
Listing all Git configuration... OK
Git configuration:
file:C:/Program Files/Git/etc/gitconfig	diff.astextplain.textconv=astextplain
file:C:/Program Files/Git/etc/gitconfig	filter.lfs.clean=git-lfs clean -- %f
file:C:/Program Files/Git/etc/gitconfig	filter.lfs.smudge=git-lfs smudge -- %f
file:C:/Program Files/Git/etc/gitconfig	filter.lfs.process=git-lfs filter-process
file:C:/Program Files/Git/etc/gitconfig	filter.lfs.required=true
file:C:/Program Files/Git/etc/gitconfig	http.sslbackend=openssl
file:C:/Program Files/Git/etc/gitconfig	http.sslcainfo=C:/Program Files/Git/mingw64/ssl/certs/ca-bundle.crt
file:C:/Program Files/Git/etc/gitconfig	core.autocrlf=true
file:C:/Program Files/Git/etc/gitconfig	core.fscache=true
file:C:/Program Files/Git/etc/gitconfig	core.symlinks=false
file:C:/Program Files/Git/etc/gitconfig	pull.rebase=false
file:C:/Program Files/Git/etc/gitconfig	credential.helper=manager
file:C:/Program Files/Git/etc/gitconfig	credential.https://dev.azure.com.usehttppath=true
file:C:/Program Files/Git/etc/gitconfig	init.defaultbranch=master
file:C:/Users/romai/.gitconfig	user.name=Romain DI LORETO
file:C:/Users/romai/.gitconfig	user.email=romain.diloreto26@gmail.com
file:C:/Users/romai/.gitconfig	credential.helper=manager-core
file:.git/config	core.repositoryformatversion=0
file:.git/config	core.filemode=false
file:.git/config	core.bare=false
file:.git/config	core.logallrefupdates=true
file:.git/config	core.symlinks=false
file:.git/config	core.ignorecase=true
file:.git/config	remote.origin.url=https://github.com/ProjetDocker-Ogungbemi-DI-Loreto/app-vide-grenier.git
file:.git/config	remote.origin.fetch=+refs/heads/*:refs/remotes/origin/*
file:.git/config	branch.main.remote=origin
file:.git/config	branch.main.merge=refs/heads/main
file:.git/config	branch.dev.remote=origin
file:.git/config	branch.dev.merge=refs/heads/dev


------------
Diagnostic: Credential storage
Skipped: False
Success: True
Exception: None
Log:
ICredentialStore instance is of type: CredentialStore
Writing test credential... OK
Reading test credential... OK
Deleting test credential... OK

------------
Diagnostic: Microsoft authentication (AAD/MSA)
Skipped: False
Success: True
Exception: None
Log:
Broker not supported.
Flow type is: Auto
Gathering MSAL token cache data... OK
CacheDirectory: C:\Users\romai\AppData\Local\.IdentityService
CacheFileName: msal.cache
CacheFilePath: C:\Users\romai\AppData\Local\.IdentityService\msal.cache
Creating cache helper... OK
Verifying MSAL token cache persistence... OK

------------
Diagnostic: GitHub API
Skipped: False
Success: True
Exception: None
Log:
Using 'https://github.com/' as API target.
Querying '/meta' endpoint... OK

